
fib.o:     file format elf32-littlearm


Disassembly of section .text:

00000000 <fib>:
   0:	b4f0      	push	{r4, r5, r6, r7}
   2:	2101      	movs	r1, #1
   4:	2201      	movs	r2, #1
   6:	2301      	movs	r3, #1
   8:	2400      	movs	r4, #0
   a:	3802      	subs	r0, #2
   c:	2800      	cmp	r0, #0
   e:	d00a      	beq.n	26 <.end>
  10:	2801      	cmp	r0, #1
  12:	d008      	beq.n	26 <.end>
  14:	e7ff      	b.n	16 <.loop>

00000016 <.loop>:
  16:	4284      	cmp	r4, r0
  18:	d004      	beq.n	24 <.end2>
  1a:	188b      	adds	r3, r1, r2
  1c:	000a      	movs	r2, r1
  1e:	0019      	movs	r1, r3
  20:	3501      	adds	r5, #1
  22:	e7f8      	b.n	16 <.loop>

00000024 <.end2>:
  24:	0018      	movs	r0, r3

00000026 <.end>:
  26:	bcf0      	pop	{r4, r5, r6, r7}
  28:	4770      	bx	lr
